Log file open, 10/08/19 16:14:04
LogWindows: Failed to load 'aqProf.dll' (GetLastError=126)
LogWindows: File 'aqProf.dll' does not exist
LogWindows: Failed to load 'VtuneApi.dll' (GetLastError=126)
LogWindows: File 'VtuneApi.dll' does not exist
LogWindows: Failed to load 'VtuneApi32e.dll' (GetLastError=126)
LogWindows: File 'VtuneApi32e.dll' does not exist
LogConsoleResponse: Display: Failed to find resolution value strings in scalability ini. Falling back to default.
LogInit: Display: Running engine for game: lab1
LogPlatformFile: Not using cached read wrapper
LogTaskGraph: Started task graph with 5 named threads and 23 total threads with 3 sets of task threads.
LogStats: Stats thread started at 0.083203
LogD3D11RHI: Loaded GFSDK_Aftermath_Lib.x64.dll
LogICUInternationalization: ICU TimeZone Detection - Raw Offset: -5:00, Platform Override: ''
LogPluginManager: Mounting plugin Paper2D
LogPluginManager: Mounting plugin AISupport
LogPluginManager: Mounting plugin LightPropagationVolume
LogPluginManager: Mounting plugin ActorLayerUtilities
LogPluginManager: Mounting plugin AnimationSharing
LogPluginManager: Mounting plugin CLionSourceCodeAccess
LogPluginManager: Mounting plugin CodeLiteSourceCodeAccess
LogPluginManager: Mounting plugin GitSourceControl
LogPluginManager: Mounting plugin KDevelopSourceCodeAccess
LogPluginManager: Mounting plugin NullSourceCodeAccess
LogPluginManager: Mounting plugin PerforceSourceControl
LogPluginManager: Mounting plugin SubversionSourceControl
LogPluginManager: Mounting plugin UObjectPlugin
LogPluginManager: Mounting plugin VisualStudioCodeSourceCodeAccess
LogPluginManager: Mounting plugin VisualStudioSourceCodeAccess
LogPluginManager: Mounting plugin XCodeSourceCodeAccess
LogPluginManager: Mounting plugin AssetManagerEditor
LogPluginManager: Mounting plugin CryptoKeys
LogPluginManager: Mounting plugin CurveEditorTools
LogPluginManager: Mounting plugin DataValidation
LogPluginManager: Mounting plugin FacialAnimation
LogPluginManager: Mounting plugin GameplayTagsEditor
LogPluginManager: Mounting plugin MacGraphicsSwitching
LogPluginManager: Mounting plugin MaterialAnalyzer
LogPluginManager: Mounting plugin MobileLauncherProfileWizard
LogPluginManager: Mounting plugin PluginBrowser
LogPluginManager: Mounting plugin SpeedTreeImporter
LogPluginManager: Mounting plugin DatasmithContent
LogPluginManager: Mounting plugin VariantManagerContent
LogPluginManager: Mounting plugin AlembicImporter
LogPluginManager: Mounting plugin AutomationUtils
LogPluginManager: Mounting plugin BackChannel
LogPluginManager: Mounting plugin CharacterAI
LogPluginManager: Mounting plugin GeometryCache
LogPluginManager: Mounting plugin HTML5Networking
LogPluginManager: Mounting plugin PlatformCrypto
LogPluginManager: Mounting plugin ProxyLODPlugin
LogPluginManager: Mounting plugin SkeletalReduction
LogPluginManager: Mounting plugin MagicLeap
LogPluginManager: Mounting plugin MagicLeapMedia
LogPluginManager: Mounting plugin AndroidMedia
LogPluginManager: Mounting plugin AvfMedia
LogPluginManager: Mounting plugin ImgMedia
LogPluginManager: Mounting plugin MediaCompositing
LogPluginManager: Mounting plugin MediaPlayerEditor
LogPluginManager: Mounting plugin WebMMedia
LogPluginManager: Mounting plugin WmfMedia
LogPluginManager: Mounting plugin TcpMessaging
LogPluginManager: Mounting plugin UdpMessaging
LogPluginManager: Mounting plugin ActorSequence
LogPluginManager: Mounting plugin LevelSequenceEditor
LogPluginManager: Mounting plugin MatineeToLevelSequence
LogPluginManager: Mounting plugin NetcodeUnitTest
LogPluginManager: Mounting plugin NUTUnrealEngine4
LogPluginManager: Mounting plugin OnlineSubsystemGooglePlay
LogPluginManager: Mounting plugin OnlineSubsystemIOS
LogPluginManager: Mounting plugin OnlineSubsystem
LogPluginManager: Mounting plugin OnlineSubsystemNull
LogPluginManager: Mounting plugin OnlineSubsystemUtils
LogPluginManager: Mounting plugin LauncherChunkInstaller
LogPluginManager: Mounting plugin AndroidDeviceProfileSelector
LogPluginManager: Mounting plugin AndroidMoviePlayer
LogPluginManager: Mounting plugin AndroidPermission
LogPluginManager: Mounting plugin AppleImageUtils
LogPluginManager: Mounting plugin AppleMoviePlayer
LogPluginManager: Mounting plugin ArchVisCharacter
LogPluginManager: Mounting plugin AudioCapture
LogPluginManager: Mounting plugin CableComponent
LogPluginManager: Mounting plugin CustomMeshComponent
LogPluginManager: Mounting plugin EditableMesh
LogPluginManager: Mounting plugin ExampleDeviceProfileSelector
LogPluginManager: Mounting plugin GoogleCloudMessaging
LogPluginManager: Mounting plugin IOSDeviceProfileSelector
LogPluginManager: Mounting plugin LinuxDeviceProfileSelector
LogPluginManager: Mounting plugin LocationServicesBPLibrary
LogPluginManager: Mounting plugin MobilePatchingUtils
LogPluginManager: Mounting plugin OculusVR
LogPluginManager: Mounting plugin PhysXVehicles
LogPluginManager: Mounting plugin ProceduralMeshComponent
LogPluginManager: Mounting plugin RuntimePhysXCooking
LogPluginManager: Mounting plugin SignificanceManager
LogPluginManager: Mounting plugin SteamVR
LogPluginManager: Mounting plugin WebMMoviePlayer
LogPluginManager: Mounting plugin WindowsMoviePlayer
LogPluginManager: Mounting plugin ScreenshotTools
LogInit: Using libcurl 7.55.1-DEV
LogInit:  - built for x86_64-pc-win32
LogInit:  - supports SSL with OpenSSL/1.1.1
LogInit:  - supports HTTP deflate (compression) using libz 1.2.8
LogInit:  - other features:
LogInit:      CURL_VERSION_SSL
LogInit:      CURL_VERSION_LIBZ
LogInit:      CURL_VERSION_IPV6
LogInit:      CURL_VERSION_ASYNCHDNS
LogInit:      CURL_VERSION_LARGEFILE
LogInit:      CURL_VERSION_IDN
LogInit:  CurlRequestOptions (configurable via config and command line):
LogInit:  - bVerifyPeer = true  - Libcurl will verify peer certificate
LogInit:  - bUseHttpProxy = false  - Libcurl will NOT use HTTP proxy
LogInit:  - bDontReuseConnections = false  - Libcurl will reuse connections
LogInit:  - MaxHostConnections = 16  - Libcurl will limit the number of connections to a host
LogInit:  - LocalHostAddr = Default
LogInit:  - BufferSize = 65536
LogOnline: OSS: Creating online subsystem instance for: NULL
LogInit: WinSock: version 1.1 (2.2), MaxSocks=32767, MaxUdp=65467
LogInit: Build: ++UE4+Release-4.23-CL-8386587
LogInit: Engine Version: 4.23.0-8386587+++UE4+Release-4.23
LogInit: Compatible Engine Version: 4.23.0-8386587+++UE4+Release-4.23
LogInit: Net CL: 8386587
LogInit: OS: Windows 10 (Release 1809) (), CPU: Intel(R) Core(TM) i7-4770HQ CPU @ 2.20GHz, GPU: Intel(R) Iris(TM) Pro Graphics 5200
LogInit: Compiled (64-bit): Aug 31 2019 02:04:44
LogInit: Compiled with Visual C++: 19.16.27030.01
LogInit: Build Configuration: Development
LogInit: Branch Name: ++UE4+Release-4.23
LogInit: Command Line:  -EpicPortal -epicusername=kore9_ -epicuserid=763500c279f04227ad4664da88eb8afe -epiclocale=en-US
LogInit: Base Directory: C:/Program Files/Epic Games/UE_4.23/Engine/Binaries/Win64/
LogInit: Installed Engine Build: 1
LogDevObjectVersion: Number of dev versions registered: 23
LogDevObjectVersion:   Dev-Blueprints (B0D832E4-1F89-4F0D-ACCF-7EB736FD4AA2): 10
LogDevObjectVersion:   Dev-Build (E1C64328-A22C-4D53-A36C-8E866417BD8C): 0
LogDevObjectVersion:   Dev-Core (375EC13C-06E4-48FB-B500-84F0262A717E): 3
LogDevObjectVersion:   Dev-Editor (E4B068ED-F494-42E9-A231-DA0B2E46BB41): 34
LogDevObjectVersion:   Dev-Framework (CFFC743F-43B0-4480-9391-14DF171D2073): 35
LogDevObjectVersion:   Dev-Mobile (B02B49B5-BB20-44E9-A304-32B752E40360): 2
LogDevObjectVersion:   Dev-Networking (A4E4105C-59A1-49B5-A7C5-40C4547EDFEE): 0
LogDevObjectVersion:   Dev-Online (39C831C9-5AE6-47DC-9A44-9C173E1C8E7C): 0
LogDevObjectVersion:   Dev-Physics (78F01B33-EBEA-4F98-B9B4-84EACCB95AA2): 0
LogDevObjectVersion:   Dev-Platform (6631380F-2D4D-43E0-8009-CF276956A95A): 0
LogDevObjectVersion:   Dev-Rendering (12F88B9F-8875-4AFC-A67C-D90C383ABD29): 31
LogDevObjectVersion:   Dev-Sequencer (7B5AE74C-D270-4C10-A958-57980B212A5A): 11
LogDevObjectVersion:   Dev-VR (D7296918-1DD6-4BDD-9DE2-64A83CC13884): 2
LogDevObjectVersion:   Dev-LoadTimes (C2A15278-BFE7-4AFE-6C17-90FF531DF755): 1
LogDevObjectVersion:   Private-Geometry (6EACA3D4-40EC-4CC1-B786-8BED09428FC5): 3
LogDevObjectVersion:   Dev-AnimPhys (29E575DD-E0A3-4627-9D10-D276232CDCEA): 17
LogDevObjectVersion:   Dev-Anim (AF43A65D-7FD3-4947-9873-3E8ED9C1BB05): 2
LogDevObjectVersion:   Dev-ReflectionCapture (6B266CEC-1EC7-4B8F-A30B-E4D90942FC07): 1
LogDevObjectVersion:   Dev-Automation (0DF73D61-A23F-47EA-B727-89E90C41499A): 1
LogDevObjectVersion:   FortniteMain (601D1886-AC64-4F84-AA16-D3DE0DEAC7D6): 27
LogDevObjectVersion:   Dev-Enterprise (9DFFBCD6-494F-0158-E221-12823C92A888): 6
LogDevObjectVersion:   Dev-Niagara (F2AED0AC-9AFE-416F-8664-AA7FFA26D6FC): 1
LogDevObjectVersion:   Dev-Destruction (174F1F0B-B4C6-45A5-B13F-2EE8D0FB917D): 9
LogInit: Presizing for max 16777216 objects, including 0 objects not considered by GC, pre-allocating 0 bytes for permanent pool.
LogInit: Object subsystem initialized
LogConfig: Setting CVar [[con.DebugEarlyDefault:1]]
LogConfig: Setting CVar [[r.setres:1280x720]]
[2019.10.08-20.14.04:651][  0]LogConfig: Setting CVar [[r.VSync:0]]
[2019.10.08-20.14.04:651][  0]LogConfig: Setting CVar [[r.RHICmdBypass:0]]
[2019.10.08-20.14.04:651][  0]LogConfig: Applying CVar settings from Section [/Script/Engine.RendererSettings] File [D:/Personal/School/UnrealEngine4/lab1/Saved/Config/Windows/Engine.ini]
[2019.10.08-20.14.04:651][  0]LogConfig: Setting CVar [[r.GPUCrashDebugging:0]]
[2019.10.08-20.14.04:651][  0]LogConfig: Applying CVar settings from Section [/Script/Engine.RendererOverrideSettings] File [D:/Personal/School/UnrealEngine4/lab1/Saved/Config/Windows/Engine.ini]
[2019.10.08-20.14.04:651][  0]LogConfig: Applying CVar settings from Section [/Script/Engine.StreamingSettings] File [D:/Personal/School/UnrealEngine4/lab1/Saved/Config/Windows/Engine.ini]
[2019.10.08-20.14.04:651][  0]LogConfig: Setting CVar [[s.MinBulkDataSizeForAsyncLoading:131072]]
[2019.10.08-20.14.04:651][  0]LogConfig: Setting CVar [[s.AsyncLoadingThreadEnabled:0]]
[2019.10.08-20.14.04:651][  0]LogConfig: Setting CVar [[s.EventDrivenLoaderEnabled:1]]
[2019.10.08-20.14.04:651][  0]LogConfig: Setting CVar [[s.WarnIfTimeLimitExceeded:0]]
[2019.10.08-20.14.04:652][  0]LogConfig: Setting CVar [[s.TimeLimitExceededMultiplier:1.5]]
[2019.10.08-20.14.04:652][  0]LogConfig: Setting CVar [[s.TimeLimitExceededMinTime:0.005]]
[2019.10.08-20.14.04:652][  0]LogConfig: Setting CVar [[s.UseBackgroundLevelStreaming:1]]
[2019.10.08-20.14.04:652][  0]LogConfig: Setting CVar [[s.PriorityAsyncLoadingExtraTime:15.0]]
[2019.10.08-20.14.04:652][  0]LogConfig: Setting CVar [[s.LevelStreamingActorsUpdateTimeLimit:5.0]]
[2019.10.08-20.14.04:652][  0]LogConfig: Setting CVar [[s.PriorityLevelStreamingActorsUpdateExtraTime:5.0]]
[2019.10.08-20.14.04:652][  0]LogConfig: Setting CVar [[s.LevelStreamingComponentsRegistrationGranularity:10]]
[2019.10.08-20.14.04:652][  0]LogConfig: Setting CVar [[s.UnregisterComponentsTimeLimit:1.0]]
[2019.10.08-20.14.04:652][  0]LogConfig: Setting CVar [[s.LevelStreamingComponentsUnregistrationGranularity:5]]
[2019.10.08-20.14.04:652][  0]LogConfig: Applying CVar settings from Section [/Script/Engine.GarbageCollectionSettings] File [D:/Personal/School/UnrealEngine4/lab1/Saved/Config/Windows/Engine.ini]
[2019.10.08-20.14.04:652][  0]LogConfig: Setting CVar [[gc.MaxObjectsNotConsideredByGC:1]]
[2019.10.08-20.14.04:652][  0]LogConfig: Setting CVar [[gc.SizeOfPermanentObjectPool:0]]
[2019.10.08-20.14.04:652][  0]LogConfig: Setting CVar [[gc.FlushStreamingOnGC:0]]
[2019.10.08-20.14.04:652][  0]LogConfig: Setting CVar [[gc.NumRetriesBeforeForcingGC:10]]
[2019.10.08-20.14.04:652][  0]LogConfig: Setting CVar [[gc.AllowParallelGC:1]]
[2019.10.08-20.14.04:652][  0]LogConfig: Setting CVar [[gc.TimeBetweenPurgingPendingKillObjects:61.1]]
[2019.10.08-20.14.04:652][  0]LogConfig: Setting CVar [[gc.MaxObjectsInEditor:16777216]]
[2019.10.08-20.14.04:652][  0]LogConfig: Setting CVar [[gc.IncrementalBeginDestroyEnabled:1]]
[2019.10.08-20.14.04:652][  0]LogConfig: Setting CVar [[gc.CreateGCClusters:1]]
[2019.10.08-20.14.04:652][  0]LogConfig: Setting CVar [[gc.MinGCClusterSize:5]]
[2019.10.08-20.14.04:652][  0]LogConfig: Setting CVar [[gc.ActorClusteringEnabled:0]]
[2019.10.08-20.14.04:652][  0]LogConfig: Setting CVar [[gc.BlueprintClusteringEnabled:0]]
[2019.10.08-20.14.04:652][  0]LogConfig: Setting CVar [[gc.UseDisregardForGCOnDedicatedServers:0]]
[2019.10.08-20.14.04:652][  0]LogConfig: Applying CVar settings from Section [/Script/Engine.NetworkSettings] File [D:/Personal/School/UnrealEngine4/lab1/Saved/Config/Windows/Engine.ini]
[2019.10.08-20.14.04:652][  0]LogConfig: Applying CVar settings from Section [/Script/UnrealEd.CookerSettings] File [D:/Personal/School/UnrealEngine4/lab1/Saved/Config/Windows/Engine.ini]
[2019.10.08-20.14.04:654][  0]LogConfig: Applying CVar settings from Section [ViewDistanceQuality@3] File [D:/Personal/School/UnrealEngine4/lab1/Saved/Config/Windows/Scalability.ini]
[2019.10.08-20.14.04:654][  0]LogConfig: Setting CVar [[r.SkeletalMeshLODBias:0]]
[2019.10.08-20.14.04:654][  0]LogConfig: Setting CVar [[r.ViewDistanceScale:1.0]]
[2019.10.08-20.14.04:654][  0]LogConfig: Applying CVar settings from Section [AntiAliasingQuality@3] File [D:/Personal/School/UnrealEngine4/lab1/Saved/Config/Windows/Scalability.ini]
[2019.10.08-20.14.04:654][  0]LogConfig: Setting CVar [[r.PostProcessAAQuality:4]]
[2019.10.08-20.14.04:654][  0]LogConfig: Applying CVar settings from Section [ShadowQuality@3] File [D:/Personal/School/UnrealEngine4/lab1/Saved/Config/Windows/Scalability.ini]
[2019.10.08-20.14.04:654][  0]LogConfig: Setting CVar [[r.LightFunctionQuality:1]]
[2019.10.08-20.14.04:654][  0]LogConfig: Setting CVar [[r.ShadowQuality:5]]
[2019.10.08-20.14.04:654][  0]LogConfig: Setting CVar [[r.Shadow.CSM.MaxCascades:10]]
[2019.10.08-20.14.04:654][  0]LogConfig: Setting CVar [[r.Shadow.MaxResolution:2048]]
[2019.10.08-20.14.04:654][  0]LogConfig: Setting CVar [[r.Shadow.MaxCSMResolution:2048]]
[2019.10.08-20.14.04:654][  0]LogConfig: Setting CVar [[r.Shadow.RadiusThreshold:0.01]]
[2019.10.08-20.14.04:654][  0]LogConfig: Setting CVar [[r.Shadow.DistanceScale:1.0]]
[2019.10.08-20.14.04:654][  0]LogConfig: Setting CVar [[r.Shadow.CSM.TransitionScale:1.0]]
[2019.10.08-20.14.04:654][  0]LogConfig: Setting CVar [[r.Shadow.PreShadowResolutionFactor:1.0]]
[2019.10.08-20.14.04:654][  0]LogConfig: Setting CVar [[r.DistanceFieldShadowing:1]]
[2019.10.08-20.14.04:654][  0]LogConfig: Setting CVar [[r.DistanceFieldAO:1]]
[2019.10.08-20.14.04:654][  0]LogConfig: Setting CVar [[r.AOQuality:2]]
[2019.10.08-20.14.04:654][  0]LogConfig: Setting CVar [[r.VolumetricFog:1]]
[2019.10.08-20.14.04:654][  0]LogConfig: Setting CVar [[r.VolumetricFog.GridPixelSize:8]]
[2019.10.08-20.14.04:655][  0]LogConfig: Setting CVar [[r.VolumetricFog.GridSizeZ:128]]
[2019.10.08-20.14.04:655][  0]LogConfig: Setting CVar [[r.VolumetricFog.HistoryMissSupersampleCount:4]]
[2019.10.08-20.14.04:655][  0]LogConfig: Setting CVar [[r.LightMaxDrawDistanceScale:1]]
[2019.10.08-20.14.04:655][  0]LogConfig: Setting CVar [[r.CapsuleShadows:1]]
[2019.10.08-20.14.04:655][  0]LogConfig: Applying CVar settings from Section [PostProcessQuality@3] File [D:/Personal/School/UnrealEngine4/lab1/Saved/Config/Windows/Scalability.ini]
[2019.10.08-20.14.04:655][  0]LogConfig: Setting CVar [[r.MotionBlurQuality:4]]
[2019.10.08-20.14.04:655][  0]LogConfig: Setting CVar [[r.AmbientOcclusionMipLevelFactor:0.4]]
[2019.10.08-20.14.04:655][  0]LogConfig: Setting CVar [[r.AmbientOcclusionMaxQuality:100]]
[2019.10.08-20.14.04:655][  0]LogConfig: Setting CVar [[r.AmbientOcclusionLevels:-1]]
[2019.10.08-20.14.04:655][  0]LogConfig: Setting CVar [[r.AmbientOcclusionRadiusScale:1.0]]
[2019.10.08-20.14.04:655][  0]LogConfig: Setting CVar [[r.DepthOfFieldQuality:2]]
[2019.10.08-20.14.04:655][  0]LogConfig: Setting CVar [[r.RenderTargetPoolMin:400]]
[2019.10.08-20.14.04:655][  0]LogConfig: Setting CVar [[r.LensFlareQuality:2]]
[2019.10.08-20.14.04:655][  0]LogConfig: Setting CVar [[r.SceneColorFringeQuality:1]]
[2019.10.08-20.14.04:655][  0]LogConfig: Setting CVar [[r.EyeAdaptationQuality:2]]
[2019.10.08-20.14.04:655][  0]LogConfig: Setting CVar [[r.BloomQuality:5]]
[2019.10.08-20.14.04:655][  0]LogConfig: Setting CVar [[r.FastBlurThreshold:100]]
[2019.10.08-20.14.04:655][  0]LogConfig: Setting CVar [[r.Upscale.Quality:3]]
[2019.10.08-20.14.04:655][  0]LogConfig: Setting CVar [[r.Tonemapper.GrainQuantization:1]]
[2019.10.08-20.14.04:655][  0]LogConfig: Setting CVar [[r.LightShaftQuality:1]]
[2019.10.08-20.14.04:655][  0]LogConfig: Setting CVar [[r.Filter.SizeScale:1]]
[2019.10.08-20.14.04:655][  0]LogConfig: Setting CVar [[r.Tonemapper.Quality:5]]
[2019.10.08-20.14.04:655][  0]LogConfig: Setting CVar [[r.DOF.Gather.AccumulatorQuality:1        ; higher gathering accumulator quality]]
[2019.10.08-20.14.04:655][  0]LogConfig: Setting CVar [[r.DOF.Gather.PostfilterMethod:1          ; Median3x3 postfilering method]]
[2019.10.08-20.14.04:655][  0]LogConfig: Setting CVar [[r.DOF.Gather.EnableBokehSettings:0       ; no bokeh simulation when gathering]]
[2019.10.08-20.14.04:655][  0]LogConfig: Setting CVar [[r.DOF.Gather.RingCount:4                 ; medium number of samples when gathering]]
[2019.10.08-20.14.04:655][  0]LogConfig: Setting CVar [[r.DOF.Scatter.ForegroundCompositing:1    ; additive foreground scattering]]
[2019.10.08-20.14.04:655][  0]LogConfig: Setting CVar [[r.DOF.Scatter.BackgroundCompositing:2    ; additive background scattering]]
[2019.10.08-20.14.04:655][  0]LogConfig: Setting CVar [[r.DOF.Scatter.EnableBokehSettings:1      ; bokeh simulation when scattering]]
[2019.10.08-20.14.04:655][  0]LogConfig: Setting CVar [[r.DOF.Scatter.MaxSpriteRatio:0.1         ; only a maximum of 10% of scattered bokeh]]
[2019.10.08-20.14.04:655][  0]LogConfig: Setting CVar [[r.DOF.Recombine.Quality:1                ; cheap slight out of focus]]
[2019.10.08-20.14.04:655][  0]LogConfig: Setting CVar [[r.DOF.Recombine.EnableBokehSettings:0    ; no bokeh simulation on slight out of focus]]
[2019.10.08-20.14.04:655][  0]LogConfig: Setting CVar [[r.DOF.TemporalAAQuality:1                ; more stable temporal accumulation]]
[2019.10.08-20.14.04:655][  0]LogConfig: Setting CVar [[r.DOF.Kernel.MaxForegroundRadius:0.025]]
[2019.10.08-20.14.04:655][  0]LogConfig: Setting CVar [[r.DOF.Kernel.MaxBackgroundRadius:0.025]]
[2019.10.08-20.14.04:655][  0]LogConfig: Applying CVar settings from Section [TextureQuality@3] File [D:/Personal/School/UnrealEngine4/lab1/Saved/Config/Windows/Scalability.ini]
[2019.10.08-20.14.04:655][  0]LogConfig: Setting CVar [[r.Streaming.MipBias:0]]
[2019.10.08-20.14.04:655][  0]LogConfig: Setting CVar [[r.Streaming.AmortizeCPUToGPUCopy:0]]
[2019.10.08-20.14.04:655][  0]LogConfig: Setting CVar [[r.Streaming.MaxNumTexturesToStreamPerFrame:0]]
[2019.10.08-20.14.04:655][  0]LogConfig: Setting CVar [[r.Streaming.Boost:1]]
[2019.10.08-20.14.04:655][  0]LogConfig: Setting CVar [[r.MaxAnisotropy:8]]
[2019.10.08-20.14.04:655][  0]LogConfig: Setting CVar [[r.Streaming.LimitPoolSizeToVRAM:0]]
[2019.10.08-20.14.04:655][  0]LogConfig: Setting CVar [[r.Streaming.PoolSize:1000]]
[2019.10.08-20.14.04:655][  0]LogConfig: Setting CVar [[r.Streaming.MaxEffectiveScreenSize:0]]
[2019.10.08-20.14.04:655][  0]LogConfig: Applying CVar settings from Section [EffectsQuality@3] File [D:/Personal/School/UnrealEngine4/lab1/Saved/Config/Windows/Scalability.ini]
[2019.10.08-20.14.04:655][  0]LogConfig: Setting CVar [[r.TranslucencyLightingVolumeDim:64]]
[2019.10.08-20.14.04:655][  0]LogConfig: Setting CVar [[r.RefractionQuality:2]]
[2019.10.08-20.14.04:655][  0]LogConfig: Setting CVar [[r.SSR.Quality:3]]
[2019.10.08-20.14.04:655][  0]LogConfig: Setting CVar [[r.SceneColorFormat:4]]
[2019.10.08-20.14.04:655][  0]LogConfig: Setting CVar [[r.DetailMode:2]]
[2019.10.08-20.14.04:655][  0]LogConfig: Setting CVar [[r.TranslucencyVolumeBlur:1]]
[2019.10.08-20.14.04:655][  0]LogConfig: Setting CVar [[r.MaterialQualityLevel:1 ; High quality]]
[2019.10.08-20.14.04:655][  0]LogConfig: Setting CVar [[r.SSS.Scale:1]]
[2019.10.08-20.14.04:655][  0]LogConfig: Setting CVar [[r.SSS.SampleSet:2]]
[2019.10.08-20.14.04:655][  0]LogConfig: Setting CVar [[r.SSS.Quality:1]]
[2019.10.08-20.14.04:655][  0]LogConfig: Setting CVar [[r.SSS.HalfRes:1]]
[2019.10.08-20.14.04:655][  0]LogConfig: Setting CVar [[r.EmitterSpawnRateScale:1.0]]
[2019.10.08-20.14.04:655][  0]LogConfig: Setting CVar [[r.ParticleLightQuality:2]]
[2019.10.08-20.14.04:655][  0]LogConfig: Applying CVar settings from Section [FoliageQuality@3] File [D:/Personal/School/UnrealEngine4/lab1/Saved/Config/Windows/Scalability.ini]
[2019.10.08-20.14.04:655][  0]LogConfig: Setting CVar [[foliage.DensityScale:1.0]]
[2019.10.08-20.14.04:655][  0]LogConfig: Setting CVar [[grass.DensityScale:1.0]]
[2019.10.08-20.14.04:655][  0]LogInit: Selected Device Profile: [Windows]
[2019.10.08-20.14.04:655][  0]LogInit: Applying CVar settings loaded from the selected device profile: [Windows]
[2019.10.08-20.14.04:658][  0]LogHAL: Display: Platform has ~ 16 GB [17050116096 / 17179869184 / 16], which maps to Larger [LargestMinGB=32, LargerMinGB=12, DefaultMinGB=8, SmallerMinGB=6, SmallestMinGB=0)
[2019.10.08-20.14.04:658][  0]LogInit: Going up to parent DeviceProfile []
[2019.10.08-20.14.04:658][  0]LogConfig: Applying CVar settings from Section [ViewDistanceQuality@1] File [D:/Personal/School/UnrealEngine4/lab1/Saved/Config/Windows/Scalability.ini]
[2019.10.08-20.14.04:658][  0]LogConfig: Setting CVar [[r.SkeletalMeshLODBias:1]]
[2019.10.08-20.14.04:658][  0]LogConfig: Setting CVar [[r.ViewDistanceScale:0.6]]
[2019.10.08-20.14.04:658][  0]LogConfig: Applying CVar settings from Section [AntiAliasingQuality@1] File [D:/Personal/School/UnrealEngine4/lab1/Saved/Config/Windows/Scalability.ini]
[2019.10.08-20.14.04:658][  0]LogConfig: Setting CVar [[r.PostProcessAAQuality:2]]
[2019.10.08-20.14.04:658][  0]LogConfig: Applying CVar settings from Section [ShadowQuality@1] File [D:/Personal/School/UnrealEngine4/lab1/Saved/Config/Windows/Scalability.ini]
[2019.10.08-20.14.04:658][  0]LogConfig: Setting CVar [[r.LightFunctionQuality:1]]
[2019.10.08-20.14.04:658][  0]LogConfig: Setting CVar [[r.ShadowQuality:3]]
[2019.10.08-20.14.04:658][  0]LogConfig: Setting CVar [[r.Shadow.CSM.MaxCascades:1]]
[2019.10.08-20.14.04:658][  0]LogConfig: Setting CVar [[r.Shadow.MaxResolution:1024]]
[2019.10.08-20.14.04:658][  0]LogConfig: Setting CVar [[r.Shadow.MaxCSMResolution:1024]]
[2019.10.08-20.14.04:658][  0]LogConfig: Setting CVar [[r.Shadow.RadiusThreshold:0.05]]
[2019.10.08-20.14.04:658][  0]LogConfig: Setting CVar [[r.Shadow.DistanceScale:0.7]]
[2019.10.08-20.14.04:658][  0]LogConfig: Setting CVar [[r.Shadow.CSM.TransitionScale:0.25]]
[2019.10.08-20.14.04:658][  0]LogConfig: Setting CVar [[r.Shadow.PreShadowResolutionFactor:0.5]]
[2019.10.08-20.14.04:658][  0]LogConfig: Setting CVar [[r.DistanceFieldShadowing:0]]
[2019.10.08-20.14.04:658][  0]LogConfig: Setting CVar [[r.DistanceFieldAO:0]]
[2019.10.08-20.14.04:658][  0]LogConfig: Setting CVar [[r.VolumetricFog:0]]
[2019.10.08-20.14.04:658][  0]LogConfig: Setting CVar [[r.LightMaxDrawDistanceScale:.5]]
[2019.10.08-20.14.04:658][  0]LogConfig: Setting CVar [[r.CapsuleShadows:1]]
[2019.10.08-20.14.04:658][  0]LogConfig: Applying CVar settings from Section [PostProcessQuality@1] File [D:/Personal/School/UnrealEngine4/lab1/Saved/Config/Windows/Scalability.ini]
[2019.10.08-20.14.04:658][  0]LogConfig: Setting CVar [[r.MotionBlurQuality:3]]
[2019.10.08-20.14.04:658][  0]LogConfig: Setting CVar [[r.AmbientOcclusionMipLevelFactor:1.0]]
[2019.10.08-20.14.04:658][  0]LogConfig: Setting CVar [[r.AmbientOcclusionMaxQuality:60]]
[2019.10.08-20.14.04:659][  0]LogConfig: Setting CVar [[r.AmbientOcclusionLevels:-1]]
[2019.10.08-20.14.04:659][  0]LogConfig: Setting CVar [[r.AmbientOcclusionRadiusScale:1.5]]
[2019.10.08-20.14.04:659][  0]LogConfig: Setting CVar [[r.DepthOfFieldQuality:1]]
[2019.10.08-20.14.04:659][  0]LogConfig: Setting CVar [[r.RenderTargetPoolMin:350]]
[2019.10.08-20.14.04:659][  0]LogConfig: Setting CVar [[r.LensFlareQuality:0]]
[2019.10.08-20.14.04:659][  0]LogConfig: Setting CVar [[r.SceneColorFringeQuality:0]]
[2019.10.08-20.14.04:659][  0]LogConfig: Setting CVar [[r.EyeAdaptationQuality:0]]
[2019.10.08-20.14.04:659][  0]LogConfig: Setting CVar [[r.BloomQuality:4]]
[2019.10.08-20.14.04:659][  0]LogConfig: Setting CVar [[r.FastBlurThreshold:2]]
[2019.10.08-20.14.04:659][  0]LogConfig: Setting CVar [[r.Upscale.Quality:2]]
[2019.10.08-20.14.04:659][  0]LogConfig: Setting CVar [[r.Tonemapper.GrainQuantization:0]]
[2019.10.08-20.14.04:659][  0]LogConfig: Setting CVar [[r.LightShaftQuality:0]]
[2019.10.08-20.14.04:659][  0]LogConfig: Setting CVar [[r.Filter.SizeScale:0.7]]
[2019.10.08-20.14.04:659][  0]LogConfig: Setting CVar [[r.Tonemapper.Quality:2]]
[2019.10.08-20.14.04:659][  0]LogConfig: Setting CVar [[r.DOF.Gather.AccumulatorQuality:0        ; lower gathering accumulator quality]]
[2019.10.08-20.14.04:659][  0]LogConfig: Setting CVar [[r.DOF.Gather.PostfilterMethod:2          ; Max3x3 postfilering method]]
[2019.10.08-20.14.04:659][  0]LogConfig: Setting CVar [[r.DOF.Gather.EnableBokehSettings:0       ; no bokeh simulation when gathering]]
[2019.10.08-20.14.04:659][  0]LogConfig: Setting CVar [[r.DOF.Gather.RingCount:3                 ; low number of samples when gathering]]
[2019.10.08-20.14.04:659][  0]LogConfig: Setting CVar [[r.DOF.Scatter.ForegroundCompositing:0    ; no foreground scattering]]
[2019.10.08-20.14.04:659][  0]LogConfig: Setting CVar [[r.DOF.Scatter.BackgroundCompositing:0    ; no foreground scattering]]
[2019.10.08-20.14.04:659][  0]LogConfig: Setting CVar [[r.DOF.Recombine.Quality:0                ; no slight out of focus]]
[2019.10.08-20.14.04:659][  0]LogConfig: Setting CVar [[r.DOF.TemporalAAQuality:0                ; faster temporal accumulation]]
[2019.10.08-20.14.04:659][  0]LogConfig: Setting CVar [[r.DOF.Kernel.MaxForegroundRadius:0.006   ; required because low gathering and no scattering and not looking great at 1080p]]
[2019.10.08-20.14.04:659][  0]LogConfig: Setting CVar [[r.DOF.Kernel.MaxBackgroundRadius:0.006   ; required because low gathering and no scattering and not looking great at 1080p]]
[2019.10.08-20.14.04:659][  0]LogConfig: Applying CVar settings from Section [TextureQuality@1] File [D:/Personal/School/UnrealEngine4/lab1/Saved/Config/Windows/Scalability.ini]
[2019.10.08-20.14.04:659][  0]LogConfig: Setting CVar [[r.Streaming.MipBias:1]]
[2019.10.08-20.14.04:659][  0]LogConfig: Setting CVar [[r.Streaming.AmortizeCPUToGPUCopy:0]]
[2019.10.08-20.14.04:659][  0]LogConfig: Setting CVar [[r.Streaming.MaxNumTexturesToStreamPerFrame:0]]
[2019.10.08-20.14.04:659][  0]LogConfig: Setting CVar [[r.Streaming.Boost:1]]
[2019.10.08-20.14.04:659][  0]LogConfig: Setting CVar [[r.MaxAnisotropy:2]]
[2019.10.08-20.14.04:659][  0]LogConfig: Setting CVar [[r.Streaming.LimitPoolSizeToVRAM:1]]
[2019.10.08-20.14.04:659][  0]LogConfig: Setting CVar [[r.Streaming.PoolSize:600]]
[2019.10.08-20.14.04:659][  0]LogConfig: Setting CVar [[r.Streaming.MaxEffectiveScreenSize:0]]
[2019.10.08-20.14.04:659][  0]LogConfig: Applying CVar settings from Section [EffectsQuality@1] File [D:/Personal/School/UnrealEngine4/lab1/Saved/Config/Windows/Scalability.ini]
[2019.10.08-20.14.04:659][  0]LogConfig: Setting CVar [[r.TranslucencyLightingVolumeDim:32]]
[2019.10.08-20.14.04:659][  0]LogConfig: Setting CVar [[r.RefractionQuality:0]]
[2019.10.08-20.14.04:659][  0]LogConfig: Setting CVar [[r.SSR.Quality:0]]
[2019.10.08-20.14.04:659][  0]LogConfig: Setting CVar [[r.SceneColorFormat:3]]
[2019.10.08-20.14.04:659][  0]LogConfig: Setting CVar [[r.DetailMode:1]]
[2019.10.08-20.14.04:659][  0]LogConfig: Setting CVar [[r.TranslucencyVolumeBlur:0]]
[2019.10.08-20.14.04:659][  0]LogConfig: Setting CVar [[r.MaterialQualityLevel:2 ; Medium quality]]
[2019.10.08-20.14.04:659][  0]LogConfig: Setting CVar [[r.SSS.Scale:0.75]]
[2019.10.08-20.14.04:659][  0]LogConfig: Setting CVar [[r.SSS.SampleSet:0]]
[2019.10.08-20.14.04:659][  0]LogConfig: Setting CVar [[r.SSS.Quality:0]]
[2019.10.08-20.14.04:659][  0]LogConfig: Setting CVar [[r.SSS.HalfRes:1]]
[2019.10.08-20.14.04:659][  0]LogConfig: Setting CVar [[r.EmitterSpawnRateScale:0.25]]
[2019.10.08-20.14.04:659][  0]LogConfig: Setting CVar [[r.ParticleLightQuality:0]]
[2019.10.08-20.14.04:659][  0]LogConfig: Applying CVar settings from Section [FoliageQuality@1] File [D:/Personal/School/UnrealEngine4/lab1/Saved/Config/Windows/Scalability.ini]
[2019.10.08-20.14.04:659][  0]LogConfig: Setting CVar [[foliage.DensityScale:0.4]]
[2019.10.08-20.14.04:659][  0]LogConfig: Setting CVar [[grass.DensityScale:0.4]]
[2019.10.08-20.14.04:659][  0]LogConfig: Applying CVar settings from Section [Startup] File [../../../Engine/Config/ConsoleVariables.ini]
[2019.10.08-20.14.04:659][  0]LogConfig: Setting CVar [[net.UseAdaptiveNetUpdateFrequency:0]]
[2019.10.08-20.14.04:659][  0]LogConfig: Setting CVar [[p.chaos.AllowCreatePhysxBodies:1]]
[2019.10.08-20.14.04:659][  0]LogConfig: Applying CVar settings from Section [ConsoleVariables] File [D:/Personal/School/UnrealEngine4/lab1/Saved/Config/Windows/Engine.ini]
[2019.10.08-20.14.04:660][  0]LogInit: Computer: DESKTOP-5C1E046
[2019.10.08-20.14.04:660][  0]LogInit: User: masonwinonmacbook
[2019.10.08-20.14.04:660][  0]LogInit: CPU Page size=4096, Cores=4
[2019.10.08-20.14.04:660][  0]LogInit: High frequency timer resolution =10.000000 MHz
[2019.10.08-20.14.04:660][  0]LogMemory: Memory total: Physical=15.9GB (16GB approx)
[2019.10.08-20.14.04:660][  0]LogMemory: Platform Memory Stats for Windows
[2019.10.08-20.14.04:660][  0]LogMemory: Process Physical Memory: 100.04 MB used, 100.05 MB peak
[2019.10.08-20.14.04:660][  0]LogMemory: Process Virtual Memory: 88.53 MB used, 88.53 MB peak
[2019.10.08-20.14.04:660][  0]LogMemory: Physical Memory: 3784.15 MB used,  12476.11 MB free, 16260.26 MB total
[2019.10.08-20.14.04:660][  0]LogMemory: Virtual Memory: 4670.78 MB used,  134213056.00 MB free, 134217728.00 MB total
[2019.10.08-20.14.04:663][  0]LogWindows: WindowsPlatformFeatures enabled
[2019.10.08-20.14.04:682][  0]LogInit: Using OS detected language (en-US).
[2019.10.08-20.14.04:682][  0]LogInit: Using OS detected locale (en-US).
[2019.10.08-20.14.04:683][  0]LogTextLocalizationManager: No specific localization for 'en-US' exists, so the 'en' localization will be used.
[2019.10.08-20.14.04:865][  0]LogInit: Setting process to per monitor DPI aware
[2019.10.08-20.14.04:942][  0]LogSlate: New Slate User Created.  User Index 0, Is Virtual User: 0
[2019.10.08-20.14.04:942][  0]LogSlate: Slate User Registered.  User Index 0, Is Virtual User: 0
[2019.10.08-20.14.05:124][  0]LogHMD: Failed to initialize OpenVR with code 110
[2019.10.08-20.14.05:124][  0]LogD3D11RHI: D3D11 adapters:
[2019.10.08-20.14.05:132][  0]LogD3D11RHI:    0. 'Intel(R) Iris(TM) Pro Graphics 5200' (Feature Level 11_0)
[2019.10.08-20.14.05:132][  0]LogD3D11RHI:       112/0/2048 MB DedicatedVideo/DedicatedSystem/SharedSystem, Outputs:1, VendorId:0x8086
[2019.10.08-20.14.05:134][  0]LogD3D11RHI:    1. 'Microsoft Basic Render Driver' (Feature Level 11_0)
[2019.10.08-20.14.05:134][  0]LogD3D11RHI:       0/0/8130 MB DedicatedVideo/DedicatedSystem/SharedSystem, Outputs:0, VendorId:0x1414
[2019.10.08-20.14.05:134][  0]LogD3D11RHI: Chosen D3D11 Adapter: 0
[2019.10.08-20.14.05:139][  0]LogD3D11RHI: Creating new Direct3DDevice
[2019.10.08-20.14.05:139][  0]LogD3D11RHI:     GPU DeviceId: 0xd26 (for the marketing name, search the web for "GPU Device Id")
[2019.10.08-20.14.05:139][  0]LogWindows: EnumDisplayDevices:
[2019.10.08-20.14.05:139][  0]LogWindows:    0. 'Intel(R) Iris(TM) Pro Graphics 5200' (P:1 D:1)
[2019.10.08-20.14.05:139][  0]LogWindows:    1. 'Intel(R) Iris(TM) Pro Graphics 5200' (P:0 D:0)
[2019.10.08-20.14.05:139][  0]LogWindows:    2. 'Intel(R) Iris(TM) Pro Graphics 5200' (P:0 D:0)
[2019.10.08-20.14.05:139][  0]LogWindows: DebugString: FoundDriverCount:3 
[2019.10.08-20.14.05:139][  0]LogD3D11RHI:     Adapter Name: Intel(R) Iris(TM) Pro Graphics 5200
[2019.10.08-20.14.05:140][  0]LogD3D11RHI:   Driver Version: 20.19.15.4531 (internal:20.19.15.4531, unified:20.19.15.4531)
[2019.10.08-20.14.05:140][  0]LogD3D11RHI:      Driver Date: 9-29-2016
[2019.10.08-20.14.05:140][  0]LogRHI: Texture pool is 795 MB (70% of 1136 MB)
[2019.10.08-20.14.05:145][  0]LogD3D11RHI: Async texture creation enabled
[2019.10.08-20.14.05:152][  0]LogD3D11RHI: GPU Timing Frequency: 12.500000 (Debug: 2 0)
[2019.10.08-20.14.05:503][  0]LogTemp: Display: Module 'AllDesktopTargetPlatform' loaded TargetPlatform 'AllDesktop'
[2019.10.08-20.14.05:512][  0]LogTemp: Display: Module 'MacClientTargetPlatform' loaded TargetPlatform 'MacClient'
[2019.10.08-20.14.05:521][  0]LogTemp: Display: Module 'MacNoEditorTargetPlatform' loaded TargetPlatform 'MacNoEditor'
[2019.10.08-20.14.05:531][  0]LogTemp: Display: Module 'MacServerTargetPlatform' loaded TargetPlatform 'MacServer'
[2019.10.08-20.14.05:540][  0]LogTemp: Display: Module 'MacTargetPlatform' loaded TargetPlatform 'Mac'
[2019.10.08-20.14.05:550][  0]LogTemp: Display: Module 'WindowsClientTargetPlatform' loaded TargetPlatform 'WindowsClient'
[2019.10.08-20.14.05:559][  0]LogTemp: Display: Module 'WindowsNoEditorTargetPlatform' loaded TargetPlatform 'WindowsNoEditor'
[2019.10.08-20.14.05:568][  0]LogTemp: Display: Module 'WindowsServerTargetPlatform' loaded TargetPlatform 'WindowsServer'
[2019.10.08-20.14.05:573][  0]LogTemp: Display: Module 'WindowsTargetPlatform' loaded TargetPlatform 'Windows'
[2019.10.08-20.14.05:609][  0]LogTemp: Display: Module 'AndroidTargetPlatform' loaded TargetPlatform 'Android'
[2019.10.08-20.14.05:609][  0]LogTemp: Display: Module 'AndroidTargetPlatform' loaded TargetPlatform 'Android_ASTC'
[2019.10.08-20.14.05:609][  0]LogTemp: Display: Module 'AndroidTargetPlatform' loaded TargetPlatform 'Android_ATC'
[2019.10.08-20.14.05:609][  0]LogTemp: Display: Module 'AndroidTargetPlatform' loaded TargetPlatform 'Android_DXT'
[2019.10.08-20.14.05:609][  0]LogTemp: Display: Module 'AndroidTargetPlatform' loaded TargetPlatform 'Android_ETC1'
[2019.10.08-20.14.05:609][  0]LogTemp: Display: Module 'AndroidTargetPlatform' loaded TargetPlatform 'Android_ETC1a'
[2019.10.08-20.14.05:609][  0]LogTemp: Display: Module 'AndroidTargetPlatform' loaded TargetPlatform 'Android_ETC2'
[2019.10.08-20.14.05:609][  0]LogTemp: Display: Module 'AndroidTargetPlatform' loaded TargetPlatform 'Android_PVRTC'
[2019.10.08-20.14.05:609][  0]LogTemp: Display: Module 'AndroidTargetPlatform' loaded TargetPlatform 'AndroidClient'
[2019.10.08-20.14.05:609][  0]LogTemp: Display: Module 'AndroidTargetPlatform' loaded TargetPlatform 'Android_ASTCClient'
[2019.10.08-20.14.05:609][  0]LogTemp: Display: Module 'AndroidTargetPlatform' loaded TargetPlatform 'Android_ATCClient'
[2019.10.08-20.14.05:609][  0]LogTemp: Display: Module 'AndroidTargetPlatform' loaded TargetPlatform 'Android_DXTClient'
[2019.10.08-20.14.05:609][  0]LogTemp: Display: Module 'AndroidTargetPlatform' loaded TargetPlatform 'Android_ETC1Client'
[2019.10.08-20.14.05:609][  0]LogTemp: Display: Module 'AndroidTargetPlatform' loaded TargetPlatform 'Android_ETC1aClient'
[2019.10.08-20.14.05:609][  0]LogTemp: Display: Module 'AndroidTargetPlatform' loaded TargetPlatform 'Android_ETC2Client'
[2019.10.08-20.14.05:609][  0]LogTemp: Display: Module 'AndroidTargetPlatform' loaded TargetPlatform 'Android_PVRTCClient'
[2019.10.08-20.14.05:609][  0]LogTemp: Display: Module 'AndroidTargetPlatform' loaded TargetPlatform 'Android_Multi'
[2019.10.08-20.14.05:609][  0]LogTemp: Display: Module 'AndroidTargetPlatform' loaded TargetPlatform 'Android_MultiClient'
[2019.10.08-20.14.05:611][  0]LogTemp: Display: Module 'HTML5TargetPlatform' loaded TargetPlatform 'HTML5'
[2019.10.08-20.14.05:629][  0]LogTemp: Display: Module 'IOSTargetPlatform' loaded TargetPlatform 'IOSClient'
[2019.10.08-20.14.05:629][  0]LogTemp: Display: Module 'IOSTargetPlatform' loaded TargetPlatform 'IOS'
[2019.10.08-20.14.05:644][  0]LogTemp: Display: Module 'TVOSTargetPlatform' loaded TargetPlatform 'TVOSClient'
[2019.10.08-20.14.05:644][  0]LogTemp: Display: Module 'TVOSTargetPlatform' loaded TargetPlatform 'TVOS'
[2019.10.08-20.14.05:652][  0]LogTemp: Display: Module 'LinuxClientTargetPlatform' loaded TargetPlatform 'LinuxClient'
[2019.10.08-20.14.05:659][  0]LogTemp: Display: Module 'LinuxNoEditorTargetPlatform' loaded TargetPlatform 'LinuxNoEditor'
[2019.10.08-20.14.05:666][  0]LogTemp: Display: Module 'LinuxServerTargetPlatform' loaded TargetPlatform 'LinuxServer'
[2019.10.08-20.14.05:674][  0]LogTemp: Display: Module 'LinuxTargetPlatform' loaded TargetPlatform 'Linux'
[2019.10.08-20.14.05:699][  0]LogTemp: Display: Module 'LuminTargetPlatform' loaded TargetPlatform 'Lumin'
[2019.10.08-20.14.05:699][  0]LogTemp: Display: Module 'LuminTargetPlatform' loaded TargetPlatform 'LuminClient'
[2019.10.08-20.14.05:699][  0]LogTargetPlatformManager: Display: Building Assets For Windows
[2019.10.08-20.14.05:709][  0]LogAudioDebug: Display: Lib vorbis DLL was dynamically loaded.
[2019.10.08-20.14.05:764][  0]LogShaderCompilers: Guid format shader working directory is 23 characters bigger than the processId version (D:/Personal/School/UnrealEngine4/lab1/Intermediate/Shaders/WorkingDirectory/12176/).
[2019.10.08-20.14.05:764][  0]LogShaderCompilers: Cleaned the shader compiler working directory 'C:/Users/mason_win_on_macbook/AppData/Local/Temp/UnrealShaderWorkingDir/59884AB8427937116249249827879114/'.
[2019.10.08-20.14.05:766][  0]LogXGEController: Cannot use XGE Controller as Incredibuild is not installed on this machine.
[2019.10.08-20.14.05:766][  0]LogShaderCompilers: Cannot use XGE Shader Compiler as Incredibuild is not installed on this machine.
[2019.10.08-20.14.05:766][  0]LogShaderCompilers: Display: Using Local Shader Compiler.
[2019.10.08-20.14.06:429][  0]LogDerivedDataCache: Display: Max Cache Size: 512 MB
[2019.10.08-20.14.06:479][  0]LogDerivedDataCache: Loaded boot cache 0.05s 73MB C:/Users/mason_win_on_macbook/AppData/Local/UnrealEngine/4.23/DerivedDataCache/Boot.ddc.
[2019.10.08-20.14.06:479][  0]LogDerivedDataCache: Display: Loaded Boot cache: C:/Users/mason_win_on_macbook/AppData/Local/UnrealEngine/4.23/DerivedDataCache/Boot.ddc
[2019.10.08-20.14.06:479][  0]LogDerivedDataCache: FDerivedDataBackendGraph:  Pak pak cache file D:/Personal/School/UnrealEngine4/lab1/DerivedDataCache/DDC.ddp not found, will not use a pak cache.
[2019.10.08-20.14.06:479][  0]LogDerivedDataCache: Unable to find inner node Pak for hierarchical cache Hierarchy.
[2019.10.08-20.14.06:479][  0]LogDerivedDataCache: FDerivedDataBackendGraph:  CompressedPak pak cache file D:/Personal/School/UnrealEngine4/lab1/DerivedDataCache/Compressed.ddp not found, will not use a pak cache.
[2019.10.08-20.14.06:479][  0]LogDerivedDataCache: Unable to find inner node CompressedPak for hierarchical cache Hierarchy.
[2019.10.08-20.14.06:491][  0]LogDerivedDataCache: Display: Pak cache opened for reading ../../../Engine/DerivedDataCache/Compressed.ddp.
[2019.10.08-20.14.06:491][  0]LogDerivedDataCache: FDerivedDataBackendGraph:  EnterprisePak pak cache file ../../../Enterprise/DerivedDataCache/Compressed.ddp not found, will not use a pak cache.
[2019.10.08-20.14.06:491][  0]LogDerivedDataCache: Unable to find inner node EnterprisePak for hierarchical cache Hierarchy.
[2019.10.08-20.14.06:492][  0]LogDerivedDataCache: Using Local data cache path C:/Users/mason_win_on_macbook/AppData/Local/UnrealEngine/Common/DerivedDataCache: Writable
[2019.10.08-20.14.06:492][  0]LogDerivedDataCache: Shared data cache path not found in *engine.ini, will not use an Shared cache.
[2019.10.08-20.14.06:492][  0]LogDerivedDataCache: Unable to find inner node Shared for hierarchical cache Hierarchy.
[2019.10.08-20.14.06:517][  0]LogMaterial: Verifying Global Shaders for PCD3D_SM5
[2019.10.08-20.14.06:519][  0]LogSlate: Using FreeType 2.6.0
[2019.10.08-20.14.06:520][  0]LogSlate: SlateFontServices - WITH_FREETYPE: 1, WITH_HARFBUZZ: 1
[2019.10.08-20.14.06:583][  0]LogAssetRegistry: FAssetRegistry took 0.0026 seconds to start up
[2019.10.08-20.14.06:874][  0]LogInit: Selected Device Profile: [Windows]
[2019.10.08-20.14.07:034][  0]LogMeshReduction: Using QuadricMeshReduction for automatic static mesh reduction
[2019.10.08-20.14.07:034][  0]LogMeshReduction: Using SimplygonMeshReduction for automatic skeletal mesh reduction
[2019.10.08-20.14.07:034][  0]LogMeshReduction: Using ProxyLODMeshReduction for automatic mesh merging
[2019.10.08-20.14.07:034][  0]LogMeshReduction: No distributed automatic mesh merging module available
[2019.10.08-20.14.07:034][  0]LogMeshMerging: No distributed automatic mesh merging module available
[2019.10.08-20.14.07:044][  0]LogNetVersion: lab1 1.0.0, NetCL: 8386587, EngineNetVer: 11, GameNetVer: 0 (Checksum: 1010652242)
[2019.10.08-20.14.07:537][  0]LogPackageLocalizationCache: Processed 12 localized package path(s) for 1 prioritized culture(s) in 0.116668 seconds
[2019.10.08-20.14.07:543][  0]LogUObjectArray: 43444 objects as part of root set at end of initial load.
[2019.10.08-20.14.07:543][  0]LogUObjectAllocator: 7548648 out of 0 bytes used by permanent object pool.
[2019.10.08-20.14.07:543][  0]LogUObjectArray: CloseDisregardForGC: 0/0 objects in disregard for GC pool
[2019.10.08-20.14.08:374][  0]LogTcpMessaging: Initializing TcpMessaging bridge
[2019.10.08-20.14.08:377][  0]LogUdpMessaging: Initializing bridge on interface 0.0.0.0:0 to multicast group 230.0.0.1:6666.
[2019.10.08-20.14.08:431][  0]SourceControl: Source control is disabled
[2019.10.08-20.14.08:431][  0]SourceControl: Source control is disabled
[2019.10.08-20.14.08:432][  0]SourceControl: Source control is disabled
[2019.10.08-20.14.08:433][  0]SourceControl: Source control is disabled
[2019.10.08-20.14.08:441][  0]LogVSAccessor: Display: Unable to create Visual Studio setup instance: 80040154
[2019.10.08-20.14.08:442][  0]LogVSAccessor: Display: Unable to create Visual Studio setup instance: 80040154
[2019.10.08-20.14.08:617][  0]LogAndroidPermission: UAndroidPermissionCallbackProxy::GetInstance
[2019.10.08-20.14.08:728][  0]LogOcInput: OculusInput pre-init called
[2019.10.08-20.14.08:734][  0]LogWindows: Failed to load 'OVRPlugin.dll' (GetLastError=126)
[2019.10.08-20.14.08:734][  0]LogWindows: File 'OVRPlugin.dll' does not exist
[2019.10.08-20.14.08:810][  0]LogEngine: Initializing Engine...
[2019.10.08-20.14.08:811][  0]LogHMD: Failed to initialize OpenVR with code 110
[2019.10.08-20.14.08:812][  0]LogStats: UGameplayTagsManager::InitializeManager -  0.000 s
[2019.10.08-20.14.09:063][  0]LogInit: Initializing FReadOnlyCVARCache
[2019.10.08-20.14.09:081][  0]LogAIModule: Creating AISystem for world Untitled
[2019.10.08-20.14.09:093][  0]LogInit: XAudio2 using 'Speakers (Cirrus Logic CS4208 (AB 128))' : 2 channels at 44.1 kHz using 32 bits per sample (channel mask 0x3)
[2019.10.08-20.14.09:124][  0]LogInit: FAudioDevice initialized.
[2019.10.08-20.14.09:124][  0]LogNetVersion: Set ProjectVersion to 1.0.0.0. Version Checksum will be recalculated on next use.
[2019.10.08-20.14.09:178][  0]LogDerivedDataCache: Saved boot cache 0.05s 73MB C:/Users/mason_win_on_macbook/AppData/Local/UnrealEngine/4.23/DerivedDataCache/Boot.ddc.
[2019.10.08-20.14.09:187][  0]LogInit: Texture streaming: Enabled
[2019.10.08-20.14.09:206][  0]LogEngineSessionManager: EngineSessionManager initialized
[2019.10.08-20.14.09:356][  0]LogInit: Transaction tracking system initialized
[2019.10.08-20.14.09:389][  0]BlueprintLog: New page: Editor Load
[2019.10.08-20.14.09:474][  0]LocalizationService: Localization service is disabled
[2019.10.08-20.14.10:093][  0]LogVSAccessor: Display: Unable to create Visual Studio setup instance: 80040154
[2019.10.08-20.14.10:094][  0]LogVSAccessor: Display: Unable to create Visual Studio setup instance: 80040154
[2019.10.08-20.14.10:257][  0]LogFileCache: Scanning file cache for directory 'D:/Personal/School/UnrealEngine4/lab1/Content/' took 0.00s
[2019.10.08-20.14.10:257][  0]LogCook: Display: Max memory allowance for cook 16384mb min free memory 0mb
[2019.10.08-20.14.10:258][  0]LogCook: Display: Mobile HDR setting 1
[2019.10.08-20.14.10:433][  0]SourceControl: Source control is disabled
[2019.10.08-20.14.10:433][  0]Cmd: MAP LOAD FILE="D:/Personal/School/UnrealEngine4/lab1/Content/ThirdPersonBP/Maps/ThirdPersonExampleMap.umap" TEMPLATE=0 SHOWPROGRESS=1 FEATURELEVEL=3
[2019.10.08-20.14.10:434][  0]LightingResults: New page: Lighting Build
[2019.10.08-20.14.10:437][  0]LogWorld: UWorld::CleanupWorld for Untitled, bSessionEnded=true, bCleanupResources=true
[2019.10.08-20.14.10:437][  0]MapCheck: New page: Map Check
[2019.10.08-20.14.10:437][  0]LightingResults: New page: Lighting Build
[2019.10.08-20.14.10:465][  0]LogUObjectHash: Compacting FUObjectHashTables data took   1.95ms
[2019.10.08-20.14.10:708][  0]LogAIModule: Creating AISystem for world ThirdPersonExampleMap
[2019.10.08-20.14.10:717][  0]LogEditorServer: Finished looking for orphan Actors (0.000 secs)
[2019.10.08-20.14.10:757][  0]LogUObjectHash: Compacting FUObjectHashTables data took   2.82ms
[2019.10.08-20.14.10:757][  0]Cmd: MAP CHECKDEP NOCLEARLOG
[2019.10.08-20.14.10:757][  0]MapCheck: Map check complete: 0 Error(s), 0 Warning(s), took 0.216ms to complete.
[2019.10.08-20.14.10:757][  0]LogFileHelpers: Loading map 'ThirdPersonExampleMap' took 0.325
[2019.10.08-20.14.10:884][  0]LogSlate: Updating window title bar state: overlay mode, drag disabled, window buttons hidden, title bar hidden
[2019.10.08-20.14.10:892][  0]LogSlate: Updating window title bar state: overlay mode, drag disabled, window buttons hidden, title bar hidden
[2019.10.08-20.14.10:900][  0]LogSlate: Updating window title bar state: overlay mode, drag disabled, window buttons hidden, title bar hidden
[2019.10.08-20.14.10:908][  0]LogSlate: Updating window title bar state: overlay mode, drag disabled, window buttons hidden, title bar hidden
[2019.10.08-20.14.10:916][  0]LogCollectionManager: Loaded 0 collections in 0.002203 seconds
[2019.10.08-20.14.10:921][  0]LogFileCache: Scanning file cache for directory 'D:/Personal/School/UnrealEngine4/lab1/Saved/Collections/' took 0.00s
[2019.10.08-20.14.10:921][  0]LogFileCache: Scanning file cache for directory 'D:/Personal/School/UnrealEngine4/lab1/Content/Developers/masonwinonmacbook/Collections/' took 0.00s
[2019.10.08-20.14.10:921][  0]LogFileCache: Scanning file cache for directory 'D:/Personal/School/UnrealEngine4/lab1/Content/Collections/' took 0.00s
[2019.10.08-20.14.10:921][  0]LogCollectionManager: Rebuilt the GUID cache for 0 collections in 0.000001 seconds
[2019.10.08-20.14.10:931][  0]LogContentBrowser: Native class hierarchy populated in 0.0091 seconds. Added 2863 classes and 680 folders.
[2019.10.08-20.14.10:938][  0]LogContentBrowser: Native class hierarchy updated for 'WidgetCarousel' in 0.0002 seconds. Added 0 classes and 0 folders.
[2019.10.08-20.14.10:981][  0]LogContentBrowser: Native class hierarchy updated for 'AddContentDialog' in 0.0003 seconds. Added 0 classes and 0 folders.
[2019.10.08-20.14.10:987][  0]LogContentBrowser: Native class hierarchy updated for 'SceneOutliner' in 0.0003 seconds. Added 1 classes and 2 folders.
[2019.10.08-20.14.10:998][  0]LogSlate: Took 0.000169 seconds to synchronously load lazily loaded font '../../../Engine/Content/Slate/Fonts/Roboto-Regular.ttf' (155K)
[2019.10.08-20.14.11:000][  0]LogSlate: Took 0.000165 seconds to synchronously load lazily loaded font '../../../Engine/Content/Slate/Fonts/Roboto-Bold.ttf' (160K)
[2019.10.08-20.14.11:005][  0]LogSlate: Took 0.000230 seconds to synchronously load lazily loaded font '../../../Engine/Content/Editor/Slate/Fonts/FontAwesome.ttf' (139K)
[2019.10.08-20.14.11:076][  0]LogRenderer: Reallocating scene render targets to support 1104x660 Format 9 NumSamples 1 (Frame:1).
[2019.10.08-20.14.11:407][  0]LogContentBrowser: Native class hierarchy updated for 'HierarchicalLODOutliner' in 0.0002 seconds. Added 0 classes and 0 folders.
[2019.10.08-20.14.11:407][  0]LogLoad: (Engine Initialization) Total time: 10.81 seconds
[2019.10.08-20.14.11:407][  0]LogLoad: (Engine Initialization) Total Blueprint compile time: 0.00 seconds
[2019.10.08-20.14.11:467][  0]LogAssetRegistry: Asset discovery search completed in 4.8853 seconds
[2019.10.08-20.14.11:473][  0]LogCollectionManager: Rebuilt the object cache for 0 collections in 0.000005 seconds (found 0 objects)
[2019.10.08-20.14.11:473][  0]LogCollectionManager: Fixed up redirectors for 0 collections in 0.000058 seconds (updated 0 objects)
[2019.10.08-20.14.11:474][  0]LogContentStreaming: Texture pool size now 600 MB
[2019.10.08-20.14.11:498][  0]LogSlate: Took 0.000194 seconds to synchronously load lazily loaded font '../../../Engine/Content/Slate/Fonts/Roboto-Light.ttf' (167K)
[2019.10.08-20.14.12:454][ 31]LogSlate: Took 0.000175 seconds to synchronously load lazily loaded font '../../../Engine/Content/Slate/Fonts/Roboto-Light.ttf' (167K)
[2019.10.08-20.14.27:028][760]LogSlate: FSceneViewport::OnFocusLost() reason 0
[2019.10.08-20.14.29:969][888]LogAIModule: Creating AISystem for world NewMap
[2019.10.08-20.14.30:040][888]LogAssetEditorManager: Opening Asset editor for World /Game/NewMap.NewMap
[2019.10.08-20.14.30:069][888]LogUObjectHash: Compacting FUObjectHashTables data took   2.47ms
[2019.10.08-20.14.30:071][888]Cmd: MAP LOAD FILE="D:/Personal/School/UnrealEngine4/lab1/Content/NewMap.umap" TEMPLATE=0 SHOWPROGRESS=1 FEATURELEVEL=3
[2019.10.08-20.14.30:071][888]LightingResults: New page: Lighting Build
[2019.10.08-20.14.30:072][888]LoadErrors: New page: Loading map: NewMap.umap
[2019.10.08-20.14.30:072][888]LogWorld: UWorld::CleanupWorld for ThirdPersonExampleMap, bSessionEnded=true, bCleanupResources=true
[2019.10.08-20.14.30:072][888]MapCheck: New page: Map Check
[2019.10.08-20.14.30:072][888]LightingResults: New page: Lighting Build
[2019.10.08-20.14.30:100][888]LogUObjectHash: Compacting FUObjectHashTables data took   2.39ms
[2019.10.08-20.14.30:119][888]LogEditorServer: Finished looking for orphan Actors (0.000 secs)
[2019.10.08-20.14.30:165][888]LogUObjectHash: Compacting FUObjectHashTables data took   1.90ms
[2019.10.08-20.14.30:194][888]Cmd: MAP CHECKDEP NOCLEARLOG
[2019.10.08-20.14.30:194][888]MapCheck: Map check complete: 0 Error(s), 0 Warning(s), took 0.144ms to complete.
[2019.10.08-20.14.30:194][888]LogFileHelpers: Loading map 'NewMap' took 0.124
[2019.10.08-20.14.46:449][463]LogSlate: FSceneViewport::OnFocusLost() reason 0
[2019.10.08-20.14.46:538][467]LogTemp: Repeating last play command: Selected Viewport
[2019.10.08-20.14.46:768][467]LogBlueprintUserMessages: Early PlayInEditor Detection: Level '/Game/NewMap.NewMap:PersistentLevel' has LevelScriptBlueprint '/Game/NewMap.NewMap:PersistentLevel.NewMap' with GeneratedClass '/Game/NewMap.NewMap_C' with ClassGeneratedBy '/Game/NewMap.NewMap:PersistentLevel.NewMap'
[2019.10.08-20.14.46:768][467]LogPlayLevel: PlayLevel: No blueprints needed recompiling
[2019.10.08-20.14.46:768][467]PIE: New page: PIE session: NewMap (Oct 8, 2019, 12:14:46 PM)
[2019.10.08-20.14.46:770][467]LogOnline: OSS: Creating online subsystem instance for: NULL
[2019.10.08-20.14.46:772][467]LogPlayLevel: Creating play world package: /Game/UEDPIE_0_NewMap
[2019.10.08-20.14.46:785][467]LogPlayLevel: PIE: StaticDuplicateObject took: (0.013105s)
[2019.10.08-20.14.46:786][467]LogAIModule: Creating AISystem for world NewMap
[2019.10.08-20.14.46:786][467]LogPlayLevel: PIE: World Init took: (0.001136s)
[2019.10.08-20.14.46:787][467]LogPlayLevel: PIE: Created PIE world by copying editor world from /Game/NewMap.NewMap to /Game/UEDPIE_0_NewMap.NewMap (0.014684s)
[2019.10.08-20.14.46:815][467]LogUObjectHash: Compacting FUObjectHashTables data took   1.93ms
[2019.10.08-20.14.46:823][467]LogInit: XAudio2 using 'Speakers (Cirrus Logic CS4208 (AB 128))' : 2 channels at 44.1 kHz using 32 bits per sample (channel mask 0x3)
[2019.10.08-20.14.46:833][467]LogInit: FAudioDevice initialized.
[2019.10.08-20.14.46:848][467]LogLoad: Game class is 'ThirdPersonGameMode_C'
[2019.10.08-20.14.46:853][467]LogWorld: Bringing World /Game/UEDPIE_0_NewMap.NewMap up for play (max tick rate 60) at 2019.10.08-16.14.46
[2019.10.08-20.14.46:853][467]LogWorld: Bringing up level for play took: 0.003537
[2019.10.08-20.14.46:853][467]LogOnline: OSS: Creating online subsystem instance for: :Context_3
[2019.10.08-20.14.46:861][467]LogContentBrowser: Native class hierarchy updated for 'MovieSceneCapture' in 0.0003 seconds. Added 20 classes and 0 folders.
[2019.10.08-20.14.46:863][467]PIE: Play in editor start time for /Game/UEDPIE_0_NewMap 0.847
[2019.10.08-20.14.46:864][467]LogBlueprintUserMessages: Late PlayInEditor Detection: Level '/Game/NewMap.NewMap:PersistentLevel' has LevelScriptBlueprint '/Game/NewMap.NewMap:PersistentLevel.NewMap' with GeneratedClass '/Game/NewMap.NewMap_C' with ClassGeneratedBy '/Game/NewMap.NewMap:PersistentLevel.NewMap'
[2019.10.08-20.15.05:731][389]LogBlueprintUserMessages: Early EndPlayMap Detection: Level '/Game/NewMap.NewMap:PersistentLevel' has LevelScriptBlueprint '/Game/NewMap.NewMap:PersistentLevel.NewMap' with GeneratedClass '/Game/NewMap.NewMap_C' with ClassGeneratedBy '/Game/NewMap.NewMap:PersistentLevel.NewMap'
[2019.10.08-20.15.05:731][389]LogSlate: Updating window title bar state: overlay mode, drag disabled, window buttons hidden, title bar hidden
[2019.10.08-20.15.05:731][389]LogWorld: BeginTearingDown for /Game/UEDPIE_0_NewMap
[2019.10.08-20.15.05:731][389]LogWorld: UWorld::CleanupWorld for NewMap, bSessionEnded=true, bCleanupResources=true
[2019.10.08-20.15.05:786][389]LogPlayLevel: Display: Shutting down PIE online subsystems
[2019.10.08-20.15.05:787][389]LogBlueprintUserMessages: Late EndPlayMap Detection: Level '/Game/NewMap.NewMap:PersistentLevel' has LevelScriptBlueprint '/Game/NewMap.NewMap:PersistentLevel.NewMap' with GeneratedClass '/Game/NewMap.NewMap_C' with ClassGeneratedBy '/Game/NewMap.NewMap:PersistentLevel.NewMap'
[2019.10.08-20.15.05:821][389]LogSlate: Updating window title bar state: overlay mode, drag disabled, window buttons hidden, title bar hidden
[2019.10.08-20.15.05:825][389]LogUObjectHash: Compacting FUObjectHashTables data took   2.08ms
[2019.10.08-20.15.05:858][390]LogPlayLevel: Display: Destroying online subsystem :Context_3
[2019.10.08-20.15.08:011][469]LogSlate: FSceneViewport::OnFocusLost() reason 5
[2019.10.08-20.15.08:039][469]Cmd: OBJ SAVEPACKAGE PACKAGE="/Game/NewMap" FILE="D:/Personal/School/UnrealEngine4/lab1/Content/NewMap.umap" SILENT=true AUTOSAVING=false KEEPDIRTY=false
[2019.10.08-20.15.08:078][469]LogUObjectHash: Compacting FUObjectHashTables data took   0.79ms
[2019.10.08-20.15.09:300][469]LogSavePackage: Moving 'D:/Personal/School/UnrealEngine4/lab1/Saved/NewMap38F10B32405C72E9C626A89A54BA9A4D.tmp' to 'D:/Personal/School/UnrealEngine4/lab1/Content/NewMap.umap'
[2019.10.08-20.15.09:383][469]Cmd: OBJ SAVEPACKAGE PACKAGE="/Game/NewMap_BuiltData" FILE="D:/Personal/School/UnrealEngine4/lab1/Content/NewMap_BuiltData.uasset" SILENT=true
[2019.10.08-20.15.09:963][469]LogSavePackage: Moving 'D:/Personal/School/UnrealEngine4/lab1/Saved/NewMap_BuiltData4601F2EF4D41EC534C5FFDA6F71729AC.tmp' to 'D:/Personal/School/UnrealEngine4/lab1/Content/NewMap_BuiltData.uasset'
[2019.10.08-20.15.11:055][513]LogSlate: FSceneViewport::OnFocusLost() reason 0
[2019.10.08-20.15.14:559][643]LogSlate: FSceneViewport::OnFocusLost() reason 0
[2019.10.08-20.15.18:804][795]LogAssetEditorManager: Opening Asset editor for Blueprint /Game/SM_Lamp_Ceiling_Blueprint.SM_Lamp_Ceiling_Blueprint
[2019.10.08-20.15.19:087][795]LogContentBrowser: Native class hierarchy updated for 'BlueprintGraph' in 0.0006 seconds. Added 121 classes and 0 folders.
[2019.10.08-20.15.20:098][795]LogSlate: Took 0.000286 seconds to synchronously load lazily loaded font '../../../Engine/Content/Slate/Fonts/Roboto-BoldCondensed.ttf' (158K)
[2019.10.08-20.15.22:823][874]LogRenderer: Reallocating scene render targets to support 1104x816 Format 9 NumSamples 1 (Frame:1).
[2019.10.08-20.15.22:959][876]LogSlate: Took 0.000295 seconds to synchronously load lazily loaded font '../../../Engine/Content/Slate/Fonts/Roboto-Italic.ttf' (157K)
[2019.10.08-20.15.34:553][111]BlueprintLog: New page: Compile SM_Lamp_Ceiling_Blueprint
[2019.10.08-20.15.34:923][111]LogUObjectHash: Compacting FUObjectHashTables data took   5.85ms
[2019.10.08-20.15.40:590][243]LogSlate: FSceneViewport::OnFocusLost() reason 0
[2019.10.08-20.15.56:905][635]LogNavigationPoint: PostEditMove Clear paths rebuilt
[2019.10.08-20.15.56:905][635]LogNavigationPoint: PostEditMove Clear paths rebuilt
[2019.10.08-20.15.56:905][635]LogNavigationPoint: PostEditMove Clear paths rebuilt
[2019.10.08-20.15.58:061][663]LogEditorViewport: Clicking on Actor (context menu): StaticMeshActor (Wall_400x302)
[2019.10.08-20.15.58:169][663]LogSlate: FSceneViewport::OnFocusLost() reason 5
[2019.10.08-20.15.59:710][697]LogSlate: FSceneViewport::OnFocusLost() reason 5
[2019.10.08-20.15.59:723][697]Cmd: OBJ SAVEPACKAGE PACKAGE="/Game/NewMap" FILE="D:/Personal/School/UnrealEngine4/lab1/Content/NewMap.umap" SILENT=true AUTOSAVING=false KEEPDIRTY=false
[2019.10.08-20.15.59:784][697]LogUObjectHash: Compacting FUObjectHashTables data took   5.88ms
[2019.10.08-20.16.01:066][697]LogSavePackage: Moving 'D:/Personal/School/UnrealEngine4/lab1/Saved/NewMap89A9E3C446E604B0D45CA7BFA6D2DBB2.tmp' to 'D:/Personal/School/UnrealEngine4/lab1/Content/NewMap.umap'
[2019.10.08-20.16.01:112][697]Cmd: OBJ SAVEPACKAGE PACKAGE="/Game/NewMap_BuiltData" FILE="D:/Personal/School/UnrealEngine4/lab1/Content/NewMap_BuiltData.uasset" SILENT=true
[2019.10.08-20.16.01:586][697]LogSavePackage: Moving 'D:/Personal/School/UnrealEngine4/lab1/Saved/NewMap_BuiltData70C818D7480EEC1DE0FE7195EE497DB4.tmp' to 'D:/Personal/School/UnrealEngine4/lab1/Content/NewMap_BuiltData.uasset'
[2019.10.08-20.16.02:055][710]LogSlate: FSceneViewport::OnFocusLost() reason 0
[2019.10.08-20.16.02:128][712]LogTemp: Repeating last play command: Selected Viewport
[2019.10.08-20.16.02:150][712]LogBlueprintUserMessages: Early PlayInEditor Detection: Level '/Game/NewMap.NewMap:PersistentLevel' has LevelScriptBlueprint '/Game/NewMap.NewMap:PersistentLevel.NewMap' with GeneratedClass '/Game/NewMap.NewMap_C' with ClassGeneratedBy '/Game/NewMap.NewMap:PersistentLevel.NewMap'
[2019.10.08-20.16.02:150][712]LogPlayLevel: PlayLevel: No blueprints needed recompiling
[2019.10.08-20.16.02:150][712]PIE: New page: PIE session: NewMap (Oct 8, 2019, 12:16:02 PM)
[2019.10.08-20.16.02:150][712]LogPlayLevel: Creating play world package: /Game/UEDPIE_0_NewMap
[2019.10.08-20.16.02:167][712]LogPlayLevel: PIE: StaticDuplicateObject took: (0.017345s)
[2019.10.08-20.16.02:168][712]LogAIModule: Creating AISystem for world NewMap
[2019.10.08-20.16.02:169][712]LogPlayLevel: PIE: World Init took: (0.001144s)
[2019.10.08-20.16.02:169][712]LogPlayLevel: PIE: Created PIE world by copying editor world from /Game/NewMap.NewMap to /Game/UEDPIE_0_NewMap.NewMap (0.018649s)
[2019.10.08-20.16.02:203][712]LogUObjectHash: Compacting FUObjectHashTables data took   3.39ms
[2019.10.08-20.16.02:212][712]LogInit: XAudio2 using 'Speakers (Cirrus Logic CS4208 (AB 128))' : 2 channels at 44.1 kHz using 32 bits per sample (channel mask 0x3)
[2019.10.08-20.16.02:222][712]LogInit: FAudioDevice initialized.
[2019.10.08-20.16.02:229][712]LogLoad: Game class is 'ThirdPersonGameMode_C'
[2019.10.08-20.16.02:233][712]LogWorld: Bringing World /Game/UEDPIE_0_NewMap.NewMap up for play (max tick rate 60) at 2019.10.08-16.16.02
[2019.10.08-20.16.02:234][712]LogWorld: Bringing up level for play took: 0.003952
[2019.10.08-20.16.02:234][712]LogOnline: OSS: Creating online subsystem instance for: :Context_6
[2019.10.08-20.16.02:237][712]PIE: Play in editor start time for /Game/UEDPIE_0_NewMap 0.221
[2019.10.08-20.16.02:237][712]LogBlueprintUserMessages: Late PlayInEditor Detection: Level '/Game/NewMap.NewMap:PersistentLevel' has LevelScriptBlueprint '/Game/NewMap.NewMap:PersistentLevel.NewMap' with GeneratedClass '/Game/NewMap.NewMap_C' with ClassGeneratedBy '/Game/NewMap.NewMap:PersistentLevel.NewMap'
[2019.10.08-20.16.20:662][491]LogBlueprintUserMessages: Early EndPlayMap Detection: Level '/Game/NewMap.NewMap:PersistentLevel' has LevelScriptBlueprint '/Game/NewMap.NewMap:PersistentLevel.NewMap' with GeneratedClass '/Game/NewMap.NewMap_C' with ClassGeneratedBy '/Game/NewMap.NewMap:PersistentLevel.NewMap'
[2019.10.08-20.16.20:663][491]LogSlate: Updating window title bar state: overlay mode, drag disabled, window buttons hidden, title bar hidden
[2019.10.08-20.16.20:663][491]LogWorld: BeginTearingDown for /Game/UEDPIE_0_NewMap
[2019.10.08-20.16.20:663][491]LogWorld: UWorld::CleanupWorld for NewMap, bSessionEnded=true, bCleanupResources=true
[2019.10.08-20.16.20:726][491]LogPlayLevel: Display: Shutting down PIE online subsystems
[2019.10.08-20.16.20:727][491]LogBlueprintUserMessages: Late EndPlayMap Detection: Level '/Game/NewMap.NewMap:PersistentLevel' has LevelScriptBlueprint '/Game/NewMap.NewMap:PersistentLevel.NewMap' with GeneratedClass '/Game/NewMap.NewMap_C' with ClassGeneratedBy '/Game/NewMap.NewMap:PersistentLevel.NewMap'
[2019.10.08-20.16.20:786][491]LogSlate: Updating window title bar state: overlay mode, drag disabled, window buttons hidden, title bar hidden
[2019.10.08-20.16.20:793][491]LogUObjectHash: Compacting FUObjectHashTables data took   4.64ms
[2019.10.08-20.16.20:861][492]LogPlayLevel: Display: Destroying online subsystem :Context_6
[2019.10.08-20.16.27:877][606]LogSlate: FSceneViewport::OnFocusLost() reason 0
